<?xml version="1.0" encoding="UTF-8"?>
<robot generated="20150826 13:47:28.531" generator="Robot 2.9 (Python 2.7.10rc1 on win32)">
<suite source="C:\Users\Pavel_Pantseleyeu\PycharmProjects\robot-python-hw\tests\LoginTestSuite.robot" id="s1" name="LoginTestSuite">
<test id="s1-t1" name="TC1 New Created User Able To Login">
<kw name="Login">
<arguments>
<arg>pashka</arg>
<arg>XjKSG64</arg>
</arguments>
<msg timestamp="20150826 13:47:29.167" level="FAIL">No keyword with name 'Login' found. Did you mean:
    BuiltIn.Log</msg>
<status status="FAIL" endtime="20150826 13:47:29.167" starttime="20150826 13:47:29.167"></status>
</kw>
<status status="FAIL" endtime="20150826 13:47:29.169" critical="yes" starttime="20150826 13:47:29.162">No keyword with name 'Login' found. Did you mean:
    BuiltIn.Log</status>
</test>
<status status="FAIL" endtime="20150826 13:47:29.170" starttime="20150826 13:47:28.547"></status>
</suite>
<statistics>
<total>
<stat fail="1" pass="0">Critical Tests</stat>
<stat fail="1" pass="0">All Tests</stat>
</total>
<tag>
</tag>
<suite>
<stat fail="1" id="s1" name="LoginTestSuite" pass="0">LoginTestSuite</stat>
</suite>
</statistics>
<errors>
<msg timestamp="20150826 13:47:28.945" level="ERROR">Error in file 'C:\Users\Pavel_Pantseleyeu\PycharmProjects\robot-python-hw\tests\LoginTestSuite.robot': Importing test library 'C:\Users\Pavel_Pantseleyeu\PycharmProjects\robot-python-hw\services\UI\LoginService.py' failed: ImportError: No module named bo.Users
Traceback (most recent call last):
  File "C:\Users\Pavel_Pantseleyeu\PycharmProjects\robot-python-hw\services\UI\LoginService.py", line 1, in &lt;module&gt;
    from bo.Users import UserBuilder
PYTHONPATH:
  C:\Python27\lib\site-packages\beautifulsoup4-4.3.2-py2.7.egg
  C:\Python27\lib\site-packages\lxml-3.4.4-py2.7-win-amd64.egg
  C:\Python27\lib\site-packages\pygments-2.0.2-py2.7.egg
  C:\Python27\lib\site-packages\sphinx-1.3.1-py2.7.egg
  C:\Python27\lib\site-packages\colorama-0.3.3-py2.7.egg
  C:\Python27\lib\site-packages\sphinx_rtd_theme-0.1.8-py2.7.egg
  C:\Python27\lib\site-packages\alabaster-0.7.5-py2.7.egg
  C:\Python27\lib\site-packages\babel-1.3-py2.7.egg
  C:\Python27\lib\site-packages\snowballstemmer-1.2.0-py2.7.egg
  C:\Python27\lib\site-packages\jinja2-2.7.3-py2.7.egg
  C:\Python27\lib\site-packages\six-1.9.0-py2.7.egg
  C:\Python27\lib\site-packages\pytz-2015.4-py2.7.egg
  C:\Python27\lib\site-packages\markupsafe-0.23-py2.7-win-amd64.egg
  C:\Python27\lib\site-packages\pygithub-1.25.2-py2.7.egg
  c:\users\pavel_pantseleyeu\pycharmprojects\qaautomation\libraries\robotframework-cmp
  C:\WINDOWS\SYSTEM32\python27.zip
  C:\Python27\DLLs
  C:\Python27\lib
  C:\Python27\lib\plat-win
  C:\Python27\lib\lib-tk
  C:\Python27
  C:\Python27\lib\site-packages
  C:\Python27\lib\site-packages\wx-2.8-msw-unicode</msg>
<msg timestamp="20150826 13:47:29.113" level="ERROR">Error in file 'C:\Users\Pavel_Pantseleyeu\PycharmProjects\robot-python-hw\tests\LoginTestSuite.robot': Importing test library 'C:\Users\Pavel_Pantseleyeu\PycharmProjects\robot-python-hw\services\API\UserService.py' failed: ImportError: No module named libs.APIUserLib
Traceback (most recent call last):
  File "C:\Users\Pavel_Pantseleyeu\PycharmProjects\robot-python-hw\services\API\UserService.py", line 1, in &lt;module&gt;
    from libs.APIUserLib import UserAPI
PYTHONPATH:
  C:\Python27\lib\site-packages\beautifulsoup4-4.3.2-py2.7.egg
  C:\Python27\lib\site-packages\lxml-3.4.4-py2.7-win-amd64.egg
  C:\Python27\lib\site-packages\pygments-2.0.2-py2.7.egg
  C:\Python27\lib\site-packages\sphinx-1.3.1-py2.7.egg
  C:\Python27\lib\site-packages\colorama-0.3.3-py2.7.egg
  C:\Python27\lib\site-packages\sphinx_rtd_theme-0.1.8-py2.7.egg
  C:\Python27\lib\site-packages\alabaster-0.7.5-py2.7.egg
  C:\Python27\lib\site-packages\babel-1.3-py2.7.egg
  C:\Python27\lib\site-packages\snowballstemmer-1.2.0-py2.7.egg
  C:\Python27\lib\site-packages\jinja2-2.7.3-py2.7.egg
  C:\Python27\lib\site-packages\six-1.9.0-py2.7.egg
  C:\Python27\lib\site-packages\pytz-2015.4-py2.7.egg
  C:\Python27\lib\site-packages\markupsafe-0.23-py2.7-win-amd64.egg
  C:\Python27\lib\site-packages\pygithub-1.25.2-py2.7.egg
  c:\users\pavel_pantseleyeu\pycharmprojects\qaautomation\libraries\robotframework-cmp
  C:\WINDOWS\SYSTEM32\python27.zip
  C:\Python27\DLLs
  C:\Python27\lib
  C:\Python27\lib\plat-win
  C:\Python27\lib\lib-tk
  C:\Python27
  C:\Python27\lib\site-packages
  C:\Python27\lib\site-packages\wx-2.8-msw-unicode</msg>
</errors>
</robot>
